c:\users\user\source\repos\computacao-grafica\engine\engine\release\vc141.pdb
c:\users\user\source\repos\computacao-grafica\engine\engine\release\tinyxml2.obj
c:\users\user\source\repos\computacao-grafica\engine\engine\release\sphere.obj
c:\users\user\source\repos\computacao-grafica\engine\engine\release\shape.obj
c:\users\user\source\repos\computacao-grafica\engine\engine\release\plane.obj
c:\users\user\source\repos\computacao-grafica\engine\engine\release\main.obj
c:\users\user\source\repos\computacao-grafica\engine\engine\release\interpretador.obj
c:\users\user\source\repos\computacao-grafica\engine\engine\release\cone.obj
c:\users\user\source\repos\computacao-grafica\engine\engine\release\box.obj
c:\users\user\source\repos\computacao-grafica\engine\release\engine.ipdb
c:\users\user\source\repos\computacao-grafica\engine\release\engine.iobj
c:\users\user\source\repos\computacao-grafica\engine\release\engine.exe
c:\users\user\source\repos\computacao-grafica\engine\release\engine.pdb
c:\users\user\source\repos\computacao-grafica\engine\engine\release\engine.tlog\cl.command.1.tlog
c:\users\user\source\repos\computacao-grafica\engine\engine\release\engine.tlog\cl.read.1.tlog
c:\users\user\source\repos\computacao-grafica\engine\engine\release\engine.tlog\cl.write.1.tlog
c:\users\user\source\repos\computacao-grafica\engine\engine\release\engine.tlog\engine.write.1u.tlog
c:\users\user\source\repos\computacao-grafica\engine\engine\release\engine.tlog\link.command.1.tlog
c:\users\user\source\repos\computacao-grafica\engine\engine\release\engine.tlog\link.read.1.tlog
c:\users\user\source\repos\computacao-grafica\engine\engine\release\engine.tlog\link.write.1.tlog
