  Box.cpp
  Cone.cpp
  Interpretador.cpp
c:\users\eu\desktop\um\cg\trabalho\computacao-grafica\engine\engine\interpretador.cpp(3): warning C4067: unexpected tokens following preprocessor directive - expected a newline
c:\users\eu\desktop\um\cg\trabalho\computacao-grafica\engine\engine\interpretador.cpp(4): warning C4067: unexpected tokens following preprocessor directive - expected a newline
c:\users\eu\desktop\um\cg\trabalho\computacao-grafica\engine\engine\interpretador.cpp(5): warning C4067: unexpected tokens following preprocessor directive - expected a newline
  main.cpp
c:\users\eu\desktop\um\cg\trabalho\computacao-grafica\engine\engine\main.cpp(3): warning C4067: unexpected tokens following preprocessor directive - expected a newline
c:\users\eu\desktop\um\cg\trabalho\computacao-grafica\engine\engine\main.cpp(4): warning C4067: unexpected tokens following preprocessor directive - expected a newline
c:\users\eu\desktop\um\cg\trabalho\computacao-grafica\engine\engine\main.cpp(5): warning C4067: unexpected tokens following preprocessor directive - expected a newline
c:\users\eu\desktop\um\cg\trabalho\computacao-grafica\engine\engine\main.cpp(48): warning C4477: 'fscanf_s' : format string '%d' requires an argument of type 'int *', but variadic argument 1 has type 'double *'
c:\users\eu\desktop\um\cg\trabalho\computacao-grafica\engine\engine\main.cpp(49): warning C4477: 'fscanf_s' : format string '%d' requires an argument of type 'int *', but variadic argument 1 has type 'double *'
c:\users\eu\desktop\um\cg\trabalho\computacao-grafica\engine\engine\main.cpp(50): warning C4477: 'fscanf_s' : format string '%d' requires an argument of type 'int *', but variadic argument 1 has type 'double *'
c:\users\eu\desktop\um\cg\trabalho\computacao-grafica\engine\engine\main.cpp(59): warning C4477: 'fscanf_s' : format string '%d' requires an argument of type 'int *', but variadic argument 1 has type 'double *'
c:\users\eu\desktop\um\cg\trabalho\computacao-grafica\engine\engine\main.cpp(60): warning C4477: 'fscanf_s' : format string '%d' requires an argument of type 'int *', but variadic argument 1 has type 'double *'
  Plane.cpp
  Shape.cpp
  Sphere.cpp
  tinyxml2.cpp
  Generating code
c:\users\eu\desktop\um\cg\trabalho\computacao-grafica\engine\engine\main.cpp(71): warning C4715: 'novaForma': not all control paths return a value
  554 of 556 functions (99.6%) were compiled, the rest were copied from previous compilation.
    3 functions were new in current compilation
    0 functions had inline decision re-evaluated but remain unchanged
  Finished generating code
  engine.vcxproj -> C:\Users\Eu\Desktop\UM\CG\Trabalho\Computacao-Grafica\engine\Release\engine.exe
